统计完成，结果已保存到:
IP统计: /usr/nginx/html/transproxy_admin/public/fileData/threat/week_top_ip_10.json
URL统计: /usr/nginx/html/transproxy_admin/public/fileData/threat/week_top_url_10.json
统计完成，结果已保存到:
IP统计: /usr/nginx/html/transproxy_admin/public/fileData/threat/week_top_ip_10.json
URL统计: /usr/nginx/html/transproxy_admin/public/fileData/threat/week_top_url_10.json
统计完成，结果已保存到:
IP统计: /usr/nginx/html/transproxy_admin/public/fileData/threat/week_top_ip_10.json
URL统计: /usr/nginx/html/transproxy_admin/public/fileData/threat/week_top_url_10.json
统计完成，结果已保存到:
IP统计: /usr/nginx/html/transproxy_admin/public/fileData/threat/week_top_ip_10.json
URL统计: /usr/nginx/html/transproxy_admin/public/fileData/threat/week_top_url_10.json
统计完成，结果已保存到:
IP统计: /usr/nginx/html/transproxy_admin/public/fileData/threat/week_top_ip_10.json
URL统计: /usr/nginx/html/transproxy_admin/public/fileData/threat/week_top_url_10.json
统计完成，结果已保存到:
IP统计: /usr/nginx/html/transproxy_admin/public/fileData/threat/week_top_ip_10.json
URL统计: /usr/nginx/html/transproxy_admin/public/fileData/threat/week_top_url_10.json
统计完成，结果已保存到:
IP统计: /usr/nginx/html/transproxy_admin/public/fileData/threat/week_top_ip_10.json
URL统计: /usr/nginx/html/transproxy_admin/public/fileData/threat/week_top_url_10.json
统计完成，结果已保存到:
IP统计: /usr/nginx/html/transproxy_admin/public/fileData/threat/week_top_ip_10.json
URL统计: /usr/nginx/html/transproxy_admin/public/fileData/threat/week_top_url_10.json
统计完成，结果已保存到:
IP统计: /usr/nginx/html/transproxy_admin/public/fileData/threat/week_top_ip_10.json
URL统计: /usr/nginx/html/transproxy_admin/public/fileData/threat/week_top_url_10.json
统计完成，结果已保存到:
IP统计: /usr/nginx/html/transproxy_admin/public/fileData/threat/week_top_ip_10.json
URL统计: /usr/nginx/html/transproxy_admin/public/fileData/threat/week_top_url_10.json
统计完成，结果已保存到:
IP统计: /usr/nginx/html/transproxy_admin/public/fileData/threat/week_top_ip_10.json
URL统计: /usr/nginx/html/transproxy_admin/public/fileData/threat/week_top_url_10.json
统计完成，结果已保存到:
IP统计: /usr/nginx/html/transproxy_admin/public/fileData/threat/week_top_ip_10.json
URL统计: /usr/nginx/html/transproxy_admin/public/fileData/threat/week_top_url_10.json
统计完成，结果已保存到:
IP统计: /usr/nginx/html/transproxy_admin/public/fileData/threat/week_top_ip_10.json
URL统计: /usr/nginx/html/transproxy_admin/public/fileData/threat/week_top_url_10.json
统计完成，结果已保存到:
IP统计: /usr/nginx/html/transproxy_admin/public/fileData/threat/week_top_ip_10.json
URL统计: /usr/nginx/html/transproxy_admin/public/fileData/threat/week_top_url_10.json
统计完成，结果已保存到:
IP统计: /usr/nginx/html/transproxy_admin/public/fileData/threat/week_top_ip_10.json
URL统计: /usr/nginx/html/transproxy_admin/public/fileData/threat/week_top_url_10.json
统计完成，结果已保存到:
IP统计: /usr/nginx/html/transproxy_admin/public/fileData/threat/week_top_ip_10.json
URL统计: /usr/nginx/html/transproxy_admin/public/fileData/threat/week_top_url_10.json
统计完成，结果已保存到:
IP统计: /usr/nginx/html/transproxy_admin/public/fileData/threat/week_top_ip_10.json
URL统计: /usr/nginx/html/transproxy_admin/public/fileData/threat/week_top_url_10.json
统计完成，结果已保存到:
IP统计: /usr/nginx/html/transproxy_admin/public/fileData/threat/week_top_ip_10.json
URL统计: /usr/nginx/html/transproxy_admin/public/fileData/threat/week_top_url_10.json
统计完成，结果已保存到:
IP统计: /usr/nginx/html/transproxy_admin/public/fileData/threat/week_top_ip_10.json
URL统计: /usr/nginx/html/transproxy_admin/public/fileData/threat/week_top_url_10.json
统计完成，结果已保存到:
IP统计: /usr/nginx/html/transproxy_admin/public/fileData/threat/week_top_ip_10.json
URL统计: /usr/nginx/html/transproxy_admin/public/fileData/threat/week_top_url_10.json
统计完成，结果已保存到:
IP统计: /usr/nginx/html/transproxy_admin/public/fileData/threat/week_top_ip_10.json
URL统计: /usr/nginx/html/transproxy_admin/public/fileData/threat/week_top_url_10.json
统计完成，结果已保存到:
IP统计: /usr/nginx/html/transproxy_admin/public/fileData/threat/week_top_ip_10.json
URL统计: /usr/nginx/html/transproxy_admin/public/fileData/threat/week_top_url_10.json
统计完成，结果已保存到:
IP统计: /usr/nginx/html/transproxy_admin/public/fileData/threat/week_top_ip_10.json
URL统计: /usr/nginx/html/transproxy_admin/public/fileData/threat/week_top_url_10.json
统计完成，结果已保存到:
IP统计: /usr/nginx/html/transproxy_admin/public/fileData/threat/week_top_ip_10.json
URL统计: /usr/nginx/html/transproxy_admin/public/fileData/threat/week_top_url_10.json
统计完成，结果已保存到:
IP统计: /usr/nginx/html/transproxy_admin/public/fileData/threat/week_top_ip_10.json
URL统计: /usr/nginx/html/transproxy_admin/public/fileData/threat/week_top_url_10.json
统计完成，结果已保存到:
IP统计: /usr/nginx/html/transproxy_admin/public/fileData/threat/week_top_ip_10.json
URL统计: /usr/nginx/html/transproxy_admin/public/fileData/threat/week_top_url_10.json
统计完成，结果已保存到:
IP统计: /usr/nginx/html/transproxy_admin/public/fileData/threat/week_top_ip_10.json
URL统计: /usr/nginx/html/transproxy_admin/public/fileData/threat/week_top_url_10.json
统计完成，结果已保存到:
IP统计: /usr/nginx/html/transproxy_admin/public/fileData/threat/week_top_ip_10.json
URL统计: /usr/nginx/html/transproxy_admin/public/fileData/threat/week_top_url_10.json
统计完成，结果已保存到:
IP统计: /usr/nginx/html/transproxy_admin/public/fileData/threat/week_top_ip_10.json
URL统计: /usr/nginx/html/transproxy_admin/public/fileData/threat/week_top_url_10.json
统计完成，结果已保存到:
IP统计: /usr/nginx/html/transproxy_admin/public/fileData/threat/week_top_ip_10.json
URL统计: /usr/nginx/html/transproxy_admin/public/fileData/threat/week_top_url_10.json
统计完成，结果已保存到:
IP统计: /usr/nginx/html/transproxy_admin/public/fileData/threat/week_top_ip_10.json
URL统计: /usr/nginx/html/transproxy_admin/public/fileData/threat/week_top_url_10.json
统计完成，结果已保存到:
IP统计: /usr/nginx/html/transproxy_admin/public/fileData/threat/week_top_ip_10.json
URL统计: /usr/nginx/html/transproxy_admin/public/fileData/threat/week_top_url_10.json
统计完成，结果已保存到:
IP统计: /usr/nginx/html/transproxy_admin/public/fileData/threat/week_top_ip_10.json
URL统计: /usr/nginx/html/transproxy_admin/public/fileData/threat/week_top_url_10.json
统计完成，结果已保存到:
IP统计: /usr/nginx/html/transproxy_admin/public/fileData/threat/week_top_ip_10.json
URL统计: /usr/nginx/html/transproxy_admin/public/fileData/threat/week_top_url_10.json
统计完成，结果已保存到:
IP统计: /usr/nginx/html/transproxy_admin/public/fileData/threat/week_top_ip_10.json
URL统计: /usr/nginx/html/transproxy_admin/public/fileData/threat/week_top_url_10.json
统计完成，结果已保存到:
IP统计: /usr/nginx/html/transproxy_admin/public/fileData/threat/week_top_ip_10.json
URL统计: /usr/nginx/html/transproxy_admin/public/fileData/threat/week_top_url_10.json
统计完成，结果已保存到:
IP统计: /usr/nginx/html/transproxy_admin/public/fileData/threat/week_top_ip_10.json
URL统计: /usr/nginx/html/transproxy_admin/public/fileData/threat/week_top_url_10.json
统计完成，结果已保存到:
IP统计: /usr/nginx/html/transproxy_admin/public/fileData/threat/week_top_ip_10.json
URL统计: /usr/nginx/html/transproxy_admin/public/fileData/threat/week_top_url_10.json
统计完成，结果已保存到:
IP统计: /usr/nginx/html/transproxy_admin/public/fileData/threat/week_top_ip_10.json
URL统计: /usr/nginx/html/transproxy_admin/public/fileData/threat/week_top_url_10.json
统计完成，结果已保存到:
IP统计: /usr/nginx/html/transproxy_admin/public/fileData/threat/week_top_ip_10.json
URL统计: /usr/nginx/html/transproxy_admin/public/fileData/threat/week_top_url_10.json
统计完成，结果已保存到:
IP统计: /usr/nginx/html/transproxy_admin/public/fileData/threat/week_top_ip_10.json
URL统计: /usr/nginx/html/transproxy_admin/public/fileData/threat/week_top_url_10.json
统计完成，结果已保存到:
IP统计: /usr/nginx/html/transproxy_admin/public/fileData/threat/week_top_ip_10.json
URL统计: /usr/nginx/html/transproxy_admin/public/fileData/threat/week_top_url_10.json
统计完成，结果已保存到:
IP统计: /usr/nginx/html/transproxy_admin/public/fileData/threat/week_top_ip_10.json
URL统计: /usr/nginx/html/transproxy_admin/public/fileData/threat/week_top_url_10.json
统计完成，结果已保存到:
IP统计: /usr/nginx/html/transproxy_admin/public/fileData/threat/week_top_ip_10.json
URL统计: /usr/nginx/html/transproxy_admin/public/fileData/threat/week_top_url_10.json
统计完成，结果已保存到:
IP统计: /usr/nginx/html/transproxy_admin/public/fileData/threat/week_top_ip_10.json
URL统计: /usr/nginx/html/transproxy_admin/public/fileData/threat/week_top_url_10.json
统计完成，结果已保存到:
IP统计: /usr/nginx/html/transproxy_admin/public/fileData/threat/week_top_ip_10.json
URL统计: /usr/nginx/html/transproxy_admin/public/fileData/threat/week_top_url_10.json
统计完成，结果已保存到:
IP统计: /usr/nginx/html/transproxy_admin/public/fileData/threat/week_top_ip_10.json
URL统计: /usr/nginx/html/transproxy_admin/public/fileData/threat/week_top_url_10.json
统计完成，结果已保存到:
IP统计: /usr/nginx/html/transproxy_admin/public/fileData/threat/week_top_ip_10.json
URL统计: /usr/nginx/html/transproxy_admin/public/fileData/threat/week_top_url_10.json
统计完成，结果已保存到:
IP统计: /usr/nginx/html/transproxy_admin/public/fileData/threat/week_top_ip_10.json
URL统计: /usr/nginx/html/transproxy_admin/public/fileData/threat/week_top_url_10.json
统计完成，结果已保存到:
IP统计: /usr/nginx/html/transproxy_admin/public/fileData/threat/week_top_ip_10.json
URL统计: /usr/nginx/html/transproxy_admin/public/fileData/threat/week_top_url_10.json
统计完成，结果已保存到:
IP统计: /usr/nginx/html/transproxy_admin/public/fileData/threat/week_top_ip_10.json
URL统计: /usr/nginx/html/transproxy_admin/public/fileData/threat/week_top_url_10.json
统计完成，结果已保存到:
IP统计: /usr/nginx/html/transproxy_admin/public/fileData/threat/week_top_ip_10.json
URL统计: /usr/nginx/html/transproxy_admin/public/fileData/threat/week_top_url_10.json
统计完成，结果已保存到:
IP统计: /usr/nginx/html/transproxy_admin/public/fileData/threat/week_top_ip_10.json
URL统计: /usr/nginx/html/transproxy_admin/public/fileData/threat/week_top_url_10.json
统计完成，结果已保存到:
IP统计: /usr/nginx/html/transproxy_admin/public/fileData/threat/week_top_ip_10.json
URL统计: /usr/nginx/html/transproxy_admin/public/fileData/threat/week_top_url_10.json
统计完成，结果已保存到:
IP统计: /usr/nginx/html/transproxy_admin/public/fileData/threat/week_top_ip_10.json
URL统计: /usr/nginx/html/transproxy_admin/public/fileData/threat/week_top_url_10.json
统计完成，结果已保存到:
IP统计: /usr/nginx/html/transproxy_admin/public/fileData/threat/week_top_ip_10.json
URL统计: /usr/nginx/html/transproxy_admin/public/fileData/threat/week_top_url_10.json
统计完成，结果已保存到:
IP统计: /usr/nginx/html/transproxy_admin/public/fileData/threat/week_top_ip_10.json
URL统计: /usr/nginx/html/transproxy_admin/public/fileData/threat/week_top_url_10.json
统计完成，结果已保存到:
IP统计: /usr/nginx/html/transproxy_admin/public/fileData/threat/week_top_ip_10.json
URL统计: /usr/nginx/html/transproxy_admin/public/fileData/threat/week_top_url_10.json
统计完成，结果已保存到:
IP统计: /usr/nginx/html/transproxy_admin/public/fileData/threat/week_top_ip_10.json
URL统计: /usr/nginx/html/transproxy_admin/public/fileData/threat/week_top_url_10.json
统计完成，结果已保存到:
IP统计: /usr/nginx/html/transproxy_admin/public/fileData/threat/week_top_ip_10.json
URL统计: /usr/nginx/html/transproxy_admin/public/fileData/threat/week_top_url_10.json
统计完成，结果已保存到:
IP统计: /usr/nginx/html/transproxy_admin/public/fileData/threat/week_top_ip_10.json
URL统计: /usr/nginx/html/transproxy_admin/public/fileData/threat/week_top_url_10.json
统计完成，结果已保存到:
IP统计: /usr/nginx/html/transproxy_admin/public/fileData/threat/week_top_ip_10.json
URL统计: /usr/nginx/html/transproxy_admin/public/fileData/threat/week_top_url_10.json
统计完成，结果已保存到:
IP统计: /usr/nginx/html/transproxy_admin/public/fileData/threat/week_top_ip_10.json
URL统计: /usr/nginx/html/transproxy_admin/public/fileData/threat/week_top_url_10.json
统计完成，结果已保存到:
IP统计: /usr/nginx/html/transproxy_admin/public/fileData/threat/week_top_ip_10.json
URL统计: /usr/nginx/html/transproxy_admin/public/fileData/threat/week_top_url_10.json
统计完成，结果已保存到:
IP统计: /usr/nginx/html/transproxy_admin/public/fileData/threat/week_top_ip_10.json
URL统计: /usr/nginx/html/transproxy_admin/public/fileData/threat/week_top_url_10.json
统计完成，结果已保存到:
IP统计: /usr/nginx/html/transproxy_admin/public/fileData/threat/week_top_ip_10.json
URL统计: /usr/nginx/html/transproxy_admin/public/fileData/threat/week_top_url_10.json
统计完成，结果已保存到:
IP统计: /usr/nginx/html/transproxy_admin/public/fileData/threat/week_top_ip_10.json
URL统计: /usr/nginx/html/transproxy_admin/public/fileData/threat/week_top_url_10.json
统计完成，结果已保存到:
IP统计: /usr/nginx/html/transproxy_admin/public/fileData/threat/week_top_ip_10.json
URL统计: /usr/nginx/html/transproxy_admin/public/fileData/threat/week_top_url_10.json
统计完成，结果已保存到:
IP统计: /usr/nginx/html/transproxy_admin/public/fileData/threat/week_top_ip_10.json
URL统计: /usr/nginx/html/transproxy_admin/public/fileData/threat/week_top_url_10.json
统计完成，结果已保存到:
IP统计: /usr/nginx/html/transproxy_admin/public/fileData/threat/week_top_ip_10.json
URL统计: /usr/nginx/html/transproxy_admin/public/fileData/threat/week_top_url_10.json
统计完成，结果已保存到:
IP统计: /usr/nginx/html/transproxy_admin/public/fileData/threat/week_top_ip_10.json
URL统计: /usr/nginx/html/transproxy_admin/public/fileData/threat/week_top_url_10.json
统计完成，结果已保存到:
IP统计: /usr/nginx/html/transproxy_admin/public/fileData/threat/week_top_ip_10.json
URL统计: /usr/nginx/html/transproxy_admin/public/fileData/threat/week_top_url_10.json
统计完成，结果已保存到:
IP统计: /usr/nginx/html/transproxy_admin/public/fileData/threat/week_top_ip_10.json
URL统计: /usr/nginx/html/transproxy_admin/public/fileData/threat/week_top_url_10.json
统计完成，结果已保存到:
IP统计: /usr/nginx/html/transproxy_admin/public/fileData/threat/week_top_ip_10.json
URL统计: /usr/nginx/html/transproxy_admin/public/fileData/threat/week_top_url_10.json
统计完成，结果已保存到:
IP统计: /usr/nginx/html/transproxy_admin/public/fileData/threat/week_top_ip_10.json
URL统计: /usr/nginx/html/transproxy_admin/public/fileData/threat/week_top_url_10.json
统计完成，结果已保存到:
IP统计: /usr/nginx/html/transproxy_admin/public/fileData/threat/week_top_ip_10.json
URL统计: /usr/nginx/html/transproxy_admin/public/fileData/threat/week_top_url_10.json
统计完成，结果已保存到:
IP统计: /usr/nginx/html/transproxy_admin/public/fileData/threat/week_top_ip_10.json
URL统计: /usr/nginx/html/transproxy_admin/public/fileData/threat/week_top_url_10.json
统计完成，结果已保存到:
IP统计: /usr/nginx/html/transproxy_admin/public/fileData/threat/week_top_ip_10.json
URL统计: /usr/nginx/html/transproxy_admin/public/fileData/threat/week_top_url_10.json
统计完成，结果已保存到:
IP统计: /usr/nginx/html/transproxy_admin/public/fileData/threat/week_top_ip_10.json
URL统计: /usr/nginx/html/transproxy_admin/public/fileData/threat/week_top_url_10.json
统计完成，结果已保存到:
IP统计: /usr/nginx/html/transproxy_admin/public/fileData/threat/week_top_ip_10.json
URL统计: /usr/nginx/html/transproxy_admin/public/fileData/threat/week_top_url_10.json
统计完成，结果已保存到:
IP统计: /usr/nginx/html/transproxy_admin/public/fileData/threat/week_top_ip_10.json
URL统计: /usr/nginx/html/transproxy_admin/public/fileData/threat/week_top_url_10.json
统计完成，结果已保存到:
IP统计: /usr/nginx/html/transproxy_admin/public/fileData/threat/week_top_ip_10.json
URL统计: /usr/nginx/html/transproxy_admin/public/fileData/threat/week_top_url_10.json
统计完成，结果已保存到:
IP统计: /usr/nginx/html/transproxy_admin/public/fileData/threat/week_top_ip_10.json
URL统计: /usr/nginx/html/transproxy_admin/public/fileData/threat/week_top_url_10.json
统计完成，结果已保存到:
IP统计: /usr/nginx/html/transproxy_admin/public/fileData/threat/week_top_ip_10.json
URL统计: /usr/nginx/html/transproxy_admin/public/fileData/threat/week_top_url_10.json
统计完成，结果已保存到:
IP统计: /usr/nginx/html/transproxy_admin/public/fileData/threat/week_top_ip_10.json
URL统计: /usr/nginx/html/transproxy_admin/public/fileData/threat/week_top_url_10.json
统计完成，结果已保存到:
IP统计: /usr/nginx/html/transproxy_admin/public/fileData/threat/week_top_ip_10.json
URL统计: /usr/nginx/html/transproxy_admin/public/fileData/threat/week_top_url_10.json
bash: 1: command not found...
统计完成，结果已保存到:
IP统计: /usr/nginx/html/transproxy_admin/public/fileData/threat/week_top_ip_10.json
URL统计: /usr/nginx/html/transproxy_admin/public/fileData/threat/week_top_url_10.json
统计完成，结果已保存到:
IP统计: /usr/nginx/html/transproxy_admin/public/fileData/threat/week_top_ip_10.json
URL统计: /usr/nginx/html/transproxy_admin/public/fileData/threat/week_top_url_10.json
统计完成，结果已保存到:
IP统计: /usr/nginx/html/transproxy_admin/public/fileData/threat/week_top_ip_10.json
URL统计: /usr/nginx/html/transproxy_admin/public/fileData/threat/week_top_url_10.json
统计完成，结果已保存到:
IP统计: /usr/nginx/html/transproxy_admin/public/fileData/threat/week_top_ip_10.json
URL统计: /usr/nginx/html/transproxy_admin/public/fileData/threat/week_top_url_10.json
统计完成，结果已保存到:
IP统计: /usr/nginx/html/transproxy_admin/public/fileData/threat/week_top_ip_10.json
URL统计: /usr/nginx/html/transproxy_admin/public/fileData/threat/week_top_url_10.json
统计完成，结果已保存到:
IP统计: /usr/nginx/html/transproxy_admin/public/fileData/threat/week_top_ip_10.json
URL统计: /usr/nginx/html/transproxy_admin/public/fileData/threat/week_top_url_10.json
统计完成，结果已保存到:
IP统计: /usr/nginx/html/transproxy_admin/public/fileData/threat/week_top_ip_10.json
URL统计: /usr/nginx/html/transproxy_admin/public/fileData/threat/week_top_url_10.json
统计完成，结果已保存到:
IP统计: /usr/nginx/html/transproxy_admin/public/fileData/threat/week_top_ip_10.json
URL统计: /usr/nginx/html/transproxy_admin/public/fileData/threat/week_top_url_10.json
统计完成，结果已保存到:
IP统计: /usr/nginx/html/transproxy_admin/public/fileData/threat/week_top_ip_10.json
URL统计: /usr/nginx/html/transproxy_admin/public/fileData/threat/week_top_url_10.json
统计完成，结果已保存到:
IP统计: /usr/nginx/html/transproxy_admin/public/fileData/threat/week_top_ip_10.json
URL统计: /usr/nginx/html/transproxy_admin/public/fileData/threat/week_top_url_10.json
统计完成，结果已保存到:
IP统计: /usr/nginx/html/transproxy_admin/public/fileData/threat/week_top_ip_10.json
URL统计: /usr/nginx/html/transproxy_admin/public/fileData/threat/week_top_url_10.json
统计完成，结果已保存到:
IP统计: /usr/nginx/html/transproxy_admin/public/fileData/threat/week_top_ip_10.json
URL统计: /usr/nginx/html/transproxy_admin/public/fileData/threat/week_top_url_10.json
统计完成，结果已保存到:
IP统计: /usr/nginx/html/transproxy_admin/public/fileData/threat/week_top_ip_10.json
URL统计: /usr/nginx/html/transproxy_admin/public/fileData/threat/week_top_url_10.json
/opt/squid_shell/count_week_ip_url.sh: line 100: /usr/nginx/html/transproxy_admin/public/fileData/threat/week_top_ip_10.json: Permission denied
/opt/squid_shell/count_week_ip_url.sh: line 101: /usr/nginx/html/transproxy_admin/public/fileData/threat/week_top_url_10.json: Permission denied
统计完成，结果已保存到:
IP统计: /usr/nginx/html/transproxy_admin/public/fileData/threat/week_top_ip_10.json
URL统计: /usr/nginx/html/transproxy_admin/public/fileData/threat/week_top_url_10.json
/opt/squid_shell/count_week_ip_url.sh: line 100: /usr/nginx/html/transproxy_admin/public/fileData/threat/week_top_ip_10.json: Permission denied
/opt/squid_shell/count_week_ip_url.sh: line 101: /usr/nginx/html/transproxy_admin/public/fileData/threat/week_top_url_10.json: Permission denied
统计完成，结果已保存到:
IP统计: /usr/nginx/html/transproxy_admin/public/fileData/threat/week_top_ip_10.json
URL统计: /usr/nginx/html/transproxy_admin/public/fileData/threat/week_top_url_10.json
/opt/squid_shell/count_week_ip_url.sh: line 100: /usr/nginx/html/transproxy_admin/public/fileData/threat/week_top_ip_10.json: Permission denied
/opt/squid_shell/count_week_ip_url.sh: line 101: /usr/nginx/html/transproxy_admin/public/fileData/threat/week_top_url_10.json: Permission denied
统计完成，结果已保存到:
IP统计: /usr/nginx/html/transproxy_admin/public/fileData/threat/week_top_ip_10.json
URL统计: /usr/nginx/html/transproxy_admin/public/fileData/threat/week_top_url_10.json
/opt/squid_shell/count_week_ip_url.sh: line 100: /usr/nginx/html/transproxy_admin/public/fileData/threat/week_top_ip_10.json: Permission denied
/opt/squid_shell/count_week_ip_url.sh: line 101: /usr/nginx/html/transproxy_admin/public/fileData/threat/week_top_url_10.json: Permission denied
统计完成，结果已保存到:
IP统计: /usr/nginx/html/transproxy_admin/public/fileData/threat/week_top_ip_10.json
URL统计: /usr/nginx/html/transproxy_admin/public/fileData/threat/week_top_url_10.json
统计完成，结果已保存到:
IP统计: /usr/nginx/html/transproxy_admin/public/fileData/threat/week_top_ip_10.json
URL统计: /usr/nginx/html/transproxy_admin/public/fileData/threat/week_top_url_10.json
统计完成，结果已保存到:
IP统计: /usr/nginx/html/transproxy_admin/public/fileData/threat/week_top_ip_10.json
URL统计: /usr/nginx/html/transproxy_admin/public/fileData/threat/week_top_url_10.json
统计完成，结果已保存到:
IP统计: /usr/nginx/html/transproxy_admin/public/fileData/threat/week_top_ip_10.json
URL统计: /usr/nginx/html/transproxy_admin/public/fileData/threat/week_top_url_10.json
统计完成，结果已保存到:
IP统计: /usr/nginx/html/transproxy_admin/public/fileData/threat/week_top_ip_10.json
URL统计: /usr/nginx/html/transproxy_admin/public/fileData/threat/week_top_url_10.json
