日志文件: 
删除7天前的日志: 2025-08-26
日志文件 /opt/squid/var/log/access.log-20250902.gz 不存在，跳过统计
日志文件: 
删除7天前的日志: 2025-08-27
日志文件 /opt/squid/var/log/access.log-20250903.gz 不存在，跳过统计
日志文件: 
删除7天前的日志: 2025-08-28
统计完成，结果已追加到：/usr/nginx/html/transproxy_admin/public/fileData/threat/logstatus_7days.json
{
  "2025-07-14": {
    "403": 0,
    "407": 0,
    "502": 0,
    "504": 0
  },
  "2025-07-15": {
    "403": 0,
    "407": 0,
    "502": 0,
    "504": 0
  },
  "2025-07-26": {
    "403": 262,
    "407": 1301,
    "502": 0,
    "504": 0
  },
  "2025-07-27": {
    "403": 17,
    "407": 114,
    "502": 0,
    "504": 0
  },
  "2025-07-28": {
    "403": 12,
    "407": 368,
    "502": 0,
    "504": 0
  },
  "2025-07-29": {
    "403": 163,
    "407": 415,
    "502": 0,
    "504": 0
  },
  "2025-07-30": {
    "403": 31,
    "407": 81,
    "502": 0,
    "504": 0
  },
  "2025-07-31": {
    "403": 8,
    "407": 110,
    "502": 0,
    "504": 0
  },
  "2025-08-20": {
    "403": 387,
    "407": 3202,
    "502": 0,
    "504": 0
  },
  "2025-08-21": {
    "403": 378,
    "407": 6736,
    "502": 0,
    "504": 0
  },
  "2025-08-22": {
    "403": 148,
    "407": 331,
    "502": 0,
    "504": 0
  },
  "2025-08-23": {
    "403": 143,
    "407": 809,
    "502": 0,
    "504": 0
  },
  "2025-08-24": {
    "403": 17,
    "407": 10,
    "502": 0,
    "504": 0
  },
  "2025-08-25": {
    "403": 691,
    "407": 2998,
    "502": 0,
    "504": 0
  },
  "2025-09-03": {
    "403": 0,
    "407": 11,
    "502": 0,
    "504": 0
  }
}
日志文件: 
删除7天前的日志: 2025-08-29
日志文件 /opt/squid/var/log/access.log-20250905.gz 不存在，跳过统计
日志文件: 
删除7天前的日志: 2025-08-30
日志文件 /opt/squid/var/log/access.log-20250906.gz 不存在，跳过统计
日志文件: 
删除7天前的日志: 2025-08-31
日志文件 /opt/squid/var/log/access.log-20250907.gz 不存在，跳过统计
日志文件: 
删除7天前的日志: 2025-09-01
日志文件 /opt/squid/var/log/access.log-20250908.gz 不存在，跳过统计
日志文件: 
删除7天前的日志: 2025-09-02
日志文件 /opt/squid/var/log/access.log-20250909.gz 不存在，跳过统计
日志文件: 
删除7天前的日志: 2025-09-03
日志文件 /opt/squid/var/log/access.log-20250910.gz 不存在，跳过统计
日志文件: 
删除7天前的日志: 2025-09-04
日志文件 /opt/squid/var/log/access.log-20250911.gz 不存在，跳过统计
日志文件: 
删除7天前的日志: 2025-09-05
日志文件 /opt/squid/var/log/access.log-20250912.gz 不存在，跳过统计
日志文件: 
删除7天前的日志: 2025-09-06
统计完成，结果已追加到：/usr/nginx/html/transproxy_admin/public/fileData/threat/logstatus_7days.json
{
  "2025-07-14": {
    "403": 0,
    "407": 0,
    "502": 0,
    "504": 0
  },
  "2025-07-15": {
    "403": 0,
    "407": 0,
    "502": 0,
    "504": 0
  },
  "2025-07-26": {
    "403": 262,
    "407": 1301,
    "502": 0,
    "504": 0
  },
  "2025-07-27": {
    "403": 17,
    "407": 114,
    "502": 0,
    "504": 0
  },
  "2025-07-28": {
    "403": 12,
    "407": 368,
    "502": 0,
    "504": 0
  },
  "2025-07-29": {
    "403": 163,
    "407": 415,
    "502": 0,
    "504": 0
  },
  "2025-07-30": {
    "403": 31,
    "407": 81,
    "502": 0,
    "504": 0
  },
  "2025-07-31": {
    "403": 8,
    "407": 110,
    "502": 0,
    "504": 0
  },
  "2025-08-20": {
    "403": 387,
    "407": 3202,
    "502": 0,
    "504": 0
  },
  "2025-08-21": {
    "403": 378,
    "407": 6736,
    "502": 0,
    "504": 0
  },
  "2025-08-22": {
    "403": 148,
    "407": 331,
    "502": 0,
    "504": 0
  },
  "2025-08-23": {
    "403": 143,
    "407": 809,
    "502": 0,
    "504": 0
  },
  "2025-08-24": {
    "403": 17,
    "407": 10,
    "502": 0,
    "504": 0
  },
  "2025-08-25": {
    "403": 691,
    "407": 2998,
    "502": 0,
    "504": 0
  },
  "2025-09-03": {
    "403": 0,
    "407": 11,
    "502": 0,
    "504": 0
  },
  "2025-09-12": {
    "403": 0,
    "407": 1,
    "502": 0,
    "504": 0
  }
}
日志文件: 
删除7天前的日志: 2025-09-07
日志文件 /opt/squid/var/log/access.log-20250914.gz 不存在，跳过统计
日志文件: 
删除7天前的日志: 2025-09-08
日志文件 /opt/squid/var/log/access.log-20250915.gz 不存在，跳过统计
日志文件: 
删除7天前的日志: 2025-09-09
统计完成，结果已追加到：/usr/nginx/html/transproxy_admin/public/fileData/threat/logstatus_7days.json
{
  "2025-07-14": {
    "403": 0,
    "407": 0,
    "502": 0,
    "504": 0
  },
  "2025-07-15": {
    "403": 0,
    "407": 0,
    "502": 0,
    "504": 0
  },
  "2025-07-26": {
    "403": 262,
    "407": 1301,
    "502": 0,
    "504": 0
  },
  "2025-07-27": {
    "403": 17,
    "407": 114,
    "502": 0,
    "504": 0
  },
  "2025-07-28": {
    "403": 12,
    "407": 368,
    "502": 0,
    "504": 0
  },
  "2025-07-29": {
    "403": 163,
    "407": 415,
    "502": 0,
    "504": 0
  },
  "2025-07-30": {
    "403": 31,
    "407": 81,
    "502": 0,
    "504": 0
  },
  "2025-07-31": {
    "403": 8,
    "407": 110,
    "502": 0,
    "504": 0
  },
  "2025-08-20": {
    "403": 387,
    "407": 3202,
    "502": 0,
    "504": 0
  },
  "2025-08-21": {
    "403": 378,
    "407": 6736,
    "502": 0,
    "504": 0
  },
  "2025-08-22": {
    "403": 148,
    "407": 331,
    "502": 0,
    "504": 0
  },
  "2025-08-23": {
    "403": 143,
    "407": 809,
    "502": 0,
    "504": 0
  },
  "2025-08-24": {
    "403": 17,
    "407": 10,
    "502": 0,
    "504": 0
  },
  "2025-08-25": {
    "403": 691,
    "407": 2998,
    "502": 0,
    "504": 0
  },
  "2025-09-03": {
    "403": 0,
    "407": 11,
    "502": 0,
    "504": 0
  },
  "2025-09-12": {
    "403": 0,
    "407": 1,
    "502": 0,
    "504": 0
  },
  "2025-09-15": {
    "403": 0,
    "407": 0,
    "502": 0,
    "504": 0
  }
}
日志文件: 
删除7天前的日志: 2025-09-10
统计完成，结果已追加到：/usr/nginx/html/transproxy_admin/public/fileData/threat/logstatus_7days.json
{
  "2025-07-14": {
    "403": 0,
    "407": 0,
    "502": 0,
    "504": 0
  },
  "2025-07-15": {
    "403": 0,
    "407": 0,
    "502": 0,
    "504": 0
  },
  "2025-07-26": {
    "403": 262,
    "407": 1301,
    "502": 0,
    "504": 0
  },
  "2025-07-27": {
    "403": 17,
    "407": 114,
    "502": 0,
    "504": 0
  },
  "2025-07-28": {
    "403": 12,
    "407": 368,
    "502": 0,
    "504": 0
  },
  "2025-07-29": {
    "403": 163,
    "407": 415,
    "502": 0,
    "504": 0
  },
  "2025-07-30": {
    "403": 31,
    "407": 81,
    "502": 0,
    "504": 0
  },
  "2025-07-31": {
    "403": 8,
    "407": 110,
    "502": 0,
    "504": 0
  },
  "2025-08-20": {
    "403": 387,
    "407": 3202,
    "502": 0,
    "504": 0
  },
  "2025-08-21": {
    "403": 378,
    "407": 6736,
    "502": 0,
    "504": 0
  },
  "2025-08-22": {
    "403": 148,
    "407": 331,
    "502": 0,
    "504": 0
  },
  "2025-08-23": {
    "403": 143,
    "407": 809,
    "502": 0,
    "504": 0
  },
  "2025-08-24": {
    "403": 17,
    "407": 10,
    "502": 0,
    "504": 0
  },
  "2025-08-25": {
    "403": 691,
    "407": 2998,
    "502": 0,
    "504": 0
  },
  "2025-09-03": {
    "403": 0,
    "407": 11,
    "502": 0,
    "504": 0
  },
  "2025-09-12": {
    "403": 0,
    "407": 1,
    "502": 0,
    "504": 0
  },
  "2025-09-15": {
    "403": 0,
    "407": 0,
    "502": 0,
    "504": 0
  },
  "2025-09-16": {
    "403": 0,
    "407": 0,
    "502": 0,
    "504": 0
  }
}
日志文件: 
删除7天前的日志: 2025-09-11
统计完成，结果已追加到：/usr/nginx/html/transproxy_admin/public/fileData/threat/logstatus_7days.json
{
  "2025-07-14": {
    "403": 0,
    "407": 0,
    "502": 0,
    "504": 0
  },
  "2025-07-15": {
    "403": 0,
    "407": 0,
    "502": 0,
    "504": 0
  },
  "2025-07-26": {
    "403": 262,
    "407": 1301,
    "502": 0,
    "504": 0
  },
  "2025-07-27": {
    "403": 17,
    "407": 114,
    "502": 0,
    "504": 0
  },
  "2025-07-28": {
    "403": 12,
    "407": 368,
    "502": 0,
    "504": 0
  },
  "2025-07-29": {
    "403": 163,
    "407": 415,
    "502": 0,
    "504": 0
  },
  "2025-07-30": {
    "403": 31,
    "407": 81,
    "502": 0,
    "504": 0
  },
  "2025-07-31": {
    "403": 8,
    "407": 110,
    "502": 0,
    "504": 0
  },
  "2025-08-20": {
    "403": 387,
    "407": 3202,
    "502": 0,
    "504": 0
  },
  "2025-08-21": {
    "403": 378,
    "407": 6736,
    "502": 0,
    "504": 0
  },
  "2025-08-22": {
    "403": 148,
    "407": 331,
    "502": 0,
    "504": 0
  },
  "2025-08-23": {
    "403": 143,
    "407": 809,
    "502": 0,
    "504": 0
  },
  "2025-08-24": {
    "403": 17,
    "407": 10,
    "502": 0,
    "504": 0
  },
  "2025-08-25": {
    "403": 691,
    "407": 2998,
    "502": 0,
    "504": 0
  },
  "2025-09-03": {
    "403": 0,
    "407": 11,
    "502": 0,
    "504": 0
  },
  "2025-09-12": {
    "403": 0,
    "407": 1,
    "502": 0,
    "504": 0
  },
  "2025-09-15": {
    "403": 0,
    "407": 0,
    "502": 0,
    "504": 0
  },
  "2025-09-16": {
    "403": 0,
    "407": 0,
    "502": 0,
    "504": 0
  },
  "2025-09-17": {
    "403": 0,
    "407": 48,
    "502": 0,
    "504": 0
  }
}
日志文件: 
删除7天前的日志: 2025-09-12
统计完成，结果已追加到：/usr/nginx/html/transproxy_admin/public/fileData/threat/logstatus_7days.json
{
  "2025-07-14": {
    "403": 0,
    "407": 0,
    "502": 0,
    "504": 0
  },
  "2025-07-15": {
    "403": 0,
    "407": 0,
    "502": 0,
    "504": 0
  },
  "2025-07-26": {
    "403": 262,
    "407": 1301,
    "502": 0,
    "504": 0
  },
  "2025-07-27": {
    "403": 17,
    "407": 114,
    "502": 0,
    "504": 0
  },
  "2025-07-28": {
    "403": 12,
    "407": 368,
    "502": 0,
    "504": 0
  },
  "2025-07-29": {
    "403": 163,
    "407": 415,
    "502": 0,
    "504": 0
  },
  "2025-07-30": {
    "403": 31,
    "407": 81,
    "502": 0,
    "504": 0
  },
  "2025-07-31": {
    "403": 8,
    "407": 110,
    "502": 0,
    "504": 0
  },
  "2025-08-20": {
    "403": 387,
    "407": 3202,
    "502": 0,
    "504": 0
  },
  "2025-08-21": {
    "403": 378,
    "407": 6736,
    "502": 0,
    "504": 0
  },
  "2025-08-22": {
    "403": 148,
    "407": 331,
    "502": 0,
    "504": 0
  },
  "2025-08-23": {
    "403": 143,
    "407": 809,
    "502": 0,
    "504": 0
  },
  "2025-08-24": {
    "403": 17,
    "407": 10,
    "502": 0,
    "504": 0
  },
  "2025-08-25": {
    "403": 691,
    "407": 2998,
    "502": 0,
    "504": 0
  },
  "2025-09-03": {
    "403": 0,
    "407": 11,
    "502": 0,
    "504": 0
  },
  "2025-09-15": {
    "403": 0,
    "407": 0,
    "502": 0,
    "504": 0
  },
  "2025-09-16": {
    "403": 0,
    "407": 0,
    "502": 0,
    "504": 0
  },
  "2025-09-17": {
    "403": 0,
    "407": 48,
    "502": 0,
    "504": 0
  },
  "2025-09-18": {
    "403": 10,
    "407": 0,
    "502": 0,
    "504": 0
  }
}
日志文件: /opt/squid/var/log/access.log-20250920.gz
删除7天前的日志: 2025-09-12
日志文件 /opt/squid/var/log/access.log-20250920.gz 不存在，跳过统计
日志文件: /opt/squid/var/log/access.log-20250921.gz
删除7天前的日志: 2025-09-13
日志文件 /opt/squid/var/log/access.log-20250921.gz 不存在，跳过统计
日志文件: /opt/squid/var/log/access.log-20250922.gz
删除7天前的日志: 2025-09-14
日志文件 /opt/squid/var/log/access.log-20250922.gz 不存在，跳过统计
日志文件: /opt/squid/var/log/access.log-20250923.gz
删除7天前的日志: 2025-09-16
日志文件 /opt/squid/var/log/access.log-20250923.gz 不存在，跳过统计
日志文件: /opt/squid/var/log/access.log-20250923.gz
删除7天前的日志: 2025-09-16
统计完成，结果已追加到：/usr/nginx/html/transproxy_admin/public/fileData/threat/logstatus_7days.json
{
  "2025-09-15": {
    "403": 12,
    "407": 23,
    "502": 0,
    "504": 0
  },
  "2025-09-17": {
    "403": 25,
    "407": 12,
    "502": 0,
    "504": 0
  },
  "2025-09-18": {
    "403": 10,
    "407": 0,
    "502": 0,
    "504": 0
  },
  "2025-09-19": {
    "403": 40,
    "407": 0,
    "502": 0,
    "504": 0
  },
  "2025-09-20": {
    "403": 0,
    "407": 0,
    "502": 0,
    "504": 0
  },
  "2025-09-21": {
    "403": 15,
    "407": 15,
    "502": 0,
    "504": 0
  },
  "2025-09-23": {
    "403": 39,
    "407": 41,
    "502": 0,
    "504": 0
  }
}
日志文件: /opt/squid/var/log/access.log-20250923.gz
删除7天前的日志: 2025-09-16
统计完成，结果已追加到：/usr/nginx/html/transproxy_admin/public/fileData/threat/logstatus_7days.json
{
  "2025-09-17": {
    "403": 25,
    "407": 12,
    "502": 0,
    "504": 0
  },
  "2025-09-18": {
    "403": 10,
    "407": 0,
    "502": 0,
    "504": 0
  },
  "2025-09-19": {
    "403": 40,
    "407": 0,
    "502": 0,
    "504": 0
  },
  "2025-09-20": {
    "403": 0,
    "407": 0,
    "502": 0,
    "504": 0
  },
  "2025-09-21": {
    "403": 15,
    "407": 15,
    "502": 0,
    "504": 0
  },
  "2025-09-22": {
    "403": 97,
    "407": 97,
    "502": 0,
    "504": 0
  },
  "2025-09-23": {
    "403": 40,
    "407": 40,
    "502": 0,
    "504": 0
  }
}
日志文件: /opt/squid/var/log/access.log-20250923.gz
删除7天前的日志: 2025-09-16
统计完成，结果已追加到：/usr/nginx/html/transproxy_admin/public/fileData/threat/logstatus_7days.json
{
  "2025-09-17": {
    "403": 25,
    "407": 12,
    "502": 0,
    "504": 0
  },
  "2025-09-18": {
    "403": 10,
    "407": 0,
    "502": 0,
    "504": 0
  },
  "2025-09-19": {
    "403": 40,
    "407": 0,
    "502": 0,
    "504": 0
  },
  "2025-09-20": {
    "403": 0,
    "407": 0,
    "502": 0,
    "504": 0
  },
  "2025-09-21": {
    "403": 15,
    "407": 15,
    "502": 0,
    "504": 0
  },
  "2025-09-22": {
    "403": 97,
    "407": 97,
    "502": 0,
    "504": 0
  },
  "2025-09-23": {
    "403": 33,
    "407": 36,
    "502": 0,
    "504": 0
  }
}
日志文件: /opt/squid/var/log/access.log-20250924.gz
删除7天前的日志: 2025-09-17
统计完成，结果已追加到：/usr/nginx/html/transproxy_admin/public/fileData/threat/logstatus_7days.json
{
  "2025-09-18": {
    "403": 10,
    "407": 0,
    "502": 0,
    "504": 0
  },
  "2025-09-19": {
    "403": 40,
    "407": 0,
    "502": 0,
    "504": 0
  },
  "2025-09-20": {
    "403": 0,
    "407": 0,
    "502": 0,
    "504": 0
  },
  "2025-09-21": {
    "403": 15,
    "407": 15,
    "502": 0,
    "504": 0
  },
  "2025-09-22": {
    "403": 97,
    "407": 97,
    "502": 0,
    "504": 0
  },
  "2025-09-23": {
    "403": 33,
    "407": 36,
    "502": 0,
    "504": 0
  },
  "2025-09-24": {
    "403": 0,
    "407": 0,
    "502": 0,
    "504": 0
  }
}
